0 info it worked if it ends with ok
1 verbose cli [ '/Users/zangzhan/.nvm/versions/node/v5.5.0/bin/node',
1 verbose cli   '/Users/zangzhan/.nvm/versions/node/v5.5.0/bin/npm',
1 verbose cli   'publish' ]
2 info using npm@3.3.12
3 info using node@v5.5.0
4 verbose publish [ '.' ]
5 silly cache add args [ '.', null ]
6 verbose cache add spec .
7 silly cache add parsed spec Result {
7 silly cache add   raw: '.',
7 silly cache add   scope: null,
7 silly cache add   name: null,
7 silly cache add   rawSpec: '.',
7 silly cache add   spec: '/Users/zangzhan/Documents/public/react-simple-manager/Examples',
7 silly cache add   type: 'local' }
8 error addLocal Could not install /Users/zangzhan/Documents/public/react-simple-manager/Examples
9 verbose stack Error: EISDIR: illegal operation on a directory, read
9 verbose stack     at Error (native)
10 verbose cwd /Users/zangzhan/Documents/public/react-simple-manager/Examples
11 error Darwin 15.4.0
12 error argv "/Users/zangzhan/.nvm/versions/node/v5.5.0/bin/node" "/Users/zangzhan/.nvm/versions/node/v5.5.0/bin/npm" "publish"
13 error node v5.5.0
14 error npm  v3.3.12
15 error code EISDIR
16 error errno -21
17 error syscall read
18 error eisdir EISDIR: illegal operation on a directory, read
18 error eisdir This is most likely not a problem with npm itself
18 error eisdir and is related to npm not being able to find a package.json in
18 error eisdir a package you are trying to install.
19 verbose exit [ -21, true ]
